<?xml version="1.0" encoding="UTF-8"?>
<!-- Generated by org.testng.reporters.JUnitXMLReporter -->
<testsuite hostname="LAPTOP-CR3O0I38" ignored="0" name="Default test" tests="6" failures="0" timestamp="09 Jul 2021 04:51:31 GMT" time="0.117" errors="0">
  <testcase name="BrowserAutomation" time="0.016" classname="quickacadamy.MavenJava.SeleniumTest"/>
  <testcase name="ElementsUi" time="0.002" classname="quickacadamy.MavenJava.SeleniumTest"/>
  <testcase name="DeleteTwitter" time="0.002" classname="quickacadamy.MavenJava.RESTAPITest"/>
  <testcase name="PostJira" time="0.002" classname="quickacadamy.MavenJava.RESTAPITest"/>
  <testcase name="IOSApps" time="0.002" classname="quickacadamy.MavenJava.AppiumTest"/>
  <testcase name="NativeAppAndroid" time="0.003" classname="quickacadamy.MavenJava.AppiumTest"/>
</testsuite> <!-- Default test -->
