<?xml version="1.0" encoding="UTF-8"?>
<!-- Generated by org.testng.reporters.JUnitXMLReporter -->
<testsuite hostname="LAPTOP-CR3O0I38" ignored="0" name="Test" tests="6" failures="0" timestamp="26 May 2021 11:43:47 GMT" time="0.042" errors="0">
  <testcase name="DeleteTwitter" time="0.007" classname="quickacadamy.MavenJava.RESTAPITest"/>
  <testcase name="PostJira" time="0.001" classname="quickacadamy.MavenJava.RESTAPITest"/>
  <testcase name="IOSApps" time="0.004" classname="quickacadamy.MavenJava.AppiumTest"/>
  <testcase name="NativeAppAndroid" time="0.001" classname="quickacadamy.MavenJava.AppiumTest"/>
  <testcase name="BrowserAutomation" time="0.001" classname="quickacadamy.MavenJava.SeleniumTest"/>
  <testcase name="ElementsUi" time="0.0" classname="quickacadamy.MavenJava.SeleniumTest"/>
</testsuite> <!-- Test -->
