<?xml version="1.0" encoding="UTF-8"?>
<testng-results skipped="0" failed="0" ignored="0" total="6" passed="6">
  <reporter-output>
  </reporter-output>
  <suite name="Suite" duration-ms="42" started-at="2021-05-26T11:43:47Z" finished-at="2021-05-26T11:43:47Z">
    <groups>
    </groups>
    <test name="Test" duration-ms="42" started-at="2021-05-26T11:43:47Z" finished-at="2021-05-26T11:43:47Z">
      <class name="quickacadamy.MavenJava.SeleniumTest">
        <test-method status="PASS" signature="BrowserAutomation()[pri:0, instance:quickacadamy.MavenJava.SeleniumTest@458ad742]" name="BrowserAutomation" duration-ms="1" started-at="2021-05-26T17:13:47Z" finished-at="2021-05-26T17:13:47Z">
          <reporter-output>
          </reporter-output>
        </test-method> <!-- BrowserAutomation -->
        <test-method status="PASS" signature="ElementsUi()[pri:0, instance:quickacadamy.MavenJava.SeleniumTest@458ad742]" name="ElementsUi" duration-ms="0" started-at="2021-05-26T17:13:47Z" finished-at="2021-05-26T17:13:47Z">
          <reporter-output>
          </reporter-output>
        </test-method> <!-- ElementsUi -->
      </class> <!-- quickacadamy.MavenJava.SeleniumTest -->
      <class name="quickacadamy.MavenJava.RESTAPITest">
        <test-method status="PASS" signature="DeleteTwitter()[pri:0, instance:quickacadamy.MavenJava.RESTAPITest@5056dfcb]" name="DeleteTwitter" duration-ms="7" started-at="2021-05-26T17:13:47Z" finished-at="2021-05-26T17:13:47Z">
          <reporter-output>
          </reporter-output>
        </test-method> <!-- DeleteTwitter -->
        <test-method status="PASS" signature="PostJira()[pri:0, instance:quickacadamy.MavenJava.RESTAPITest@5056dfcb]" name="PostJira" duration-ms="1" started-at="2021-05-26T17:13:47Z" finished-at="2021-05-26T17:13:47Z">
          <reporter-output>
          </reporter-output>
        </test-method> <!-- PostJira -->
      </class> <!-- quickacadamy.MavenJava.RESTAPITest -->
      <class name="quickacadamy.MavenJava.AppiumTest">
        <test-method status="PASS" signature="IOSApps()[pri:0, instance:quickacadamy.MavenJava.AppiumTest@2344fc66]" name="IOSApps" duration-ms="4" started-at="2021-05-26T17:13:47Z" finished-at="2021-05-26T17:13:47Z">
          <reporter-output>
          </reporter-output>
        </test-method> <!-- IOSApps -->
        <test-method status="PASS" signature="NativeAppAndroid()[pri:0, instance:quickacadamy.MavenJava.AppiumTest@2344fc66]" name="NativeAppAndroid" duration-ms="1" started-at="2021-05-26T17:13:47Z" finished-at="2021-05-26T17:13:47Z">
          <reporter-output>
          </reporter-output>
        </test-method> <!-- NativeAppAndroid -->
      </class> <!-- quickacadamy.MavenJava.AppiumTest -->
    </test> <!-- Test -->
  </suite> <!-- Suite -->
</testng-results>
